<?xml version="1.0" encoding="UTF-8"?>
<!-- Generated by org.testng.reporters.JUnitReportReporter -->
<testsuite skipped="0" hostname="Mres00" name="by.hancharou.tests.AllTests" tests="4" failures="0" timestamp="23 июн 2017 06:54:56 GMT" time="20.486" errors="0">
  <testcase name="testSearchLinks" time="3.233" classname="by.hancharou.tests.AllTests"/>
  <testcase name="testIndexPage" time="2.319" classname="by.hancharou.tests.AllTests"/>
  <testcase name="testSearchLinks" time="3.479" classname="by.hancharou.tests.AllTests"/>
  <testcase name="testSearchAmount" time="11.455" classname="by.hancharou.tests.AllTests"/>
</testsuite> <!-- by.hancharou.tests.AllTests -->
