<?xml version="1.0" encoding="UTF-8"?>
<!-- Generated by org.testng.reporters.JUnitReportReporter -->
<testsuite skipped="0" hostname="Mres00" name="by.tut.tests.SearchTest" tests="1" failures="0" timestamp="22 июн 2017 08:50:41 GMT" time="17.642" errors="0">
  <testcase name="testTutBy" time="17.642" classname="by.tut.tests.SearchTest"/>
</testsuite> <!-- by.tut.tests.SearchTest -->
