<?xml version="1.0" encoding="UTF-8"?>
<!-- Generated by org.testng.reporters.JUnitReportReporter -->
<testsuite skipped="0" hostname="Mres00" name="com.gmail.tests.AutoTest" tests="1" failures="0" timestamp="20 июн 2017 13:43:55 GMT" time="5.419" errors="0">
  <testcase name="testLoadFirstPage" time="5.419" classname="com.gmail.tests.AutoTest"/>
</testsuite> <!-- com.gmail.tests.AutoTest -->
