<?xml version="1.0" encoding="UTF-8"?>
<!-- Generated by org.testng.reporters.JUnitReportReporter -->
<testsuite skipped="0" hostname="Mres00" name="by.hancharou.tests.AllTests" tests="4" failures="0" timestamp="27 июн 2017 13:00:28 GMT" time="31.752" errors="0">
  <testcase name="testGmailCom" time="24.268" classname="by.hancharou.tests.AllTests"/>
  <testcase name="testExitGmailCom" time="2.787" classname="by.hancharou.tests.AllTests"/>
  <testcase name="testSearch" time="2.068" classname="by.hancharou.tests.AllTests"/>
  <testcase name="testSearch" time="2.629" classname="by.hancharou.tests.AllTests"/>
</testsuite> <!-- by.hancharou.tests.AllTests -->
