<?xml version="1.0" encoding="UTF-8"?>
<!-- Generated by org.testng.reporters.JUnitReportReporter -->
<testsuite skipped="0" hostname="Mres00" name="by.hancharou.tests.AllTests" tests="2" failures="0" timestamp="26 июн 2017 12:49:53 GMT" time="27.262" errors="0">
  <testcase name="testExitGmailCom" time="3.032" classname="by.hancharou.tests.AllTests"/>
  <testcase name="testGmailCom" time="24.230" classname="by.hancharou.tests.AllTests"/>
</testsuite> <!-- by.hancharou.tests.AllTests -->
