<?xml version="1.0" encoding="UTF-8"?>
<!-- Generated by org.testng.reporters.JUnitReportReporter -->
<testsuite skipped="0" hostname="Mres00" name="by.hancharou.tests.AllTests" tests="8" failures="0" timestamp="28 июн 2017 13:03:22 GMT" time="51.095" errors="0">
  <testcase name="testGmailCom" time="23.685" classname="by.hancharou.tests.AllTests"/>
  <testcase name="testSearch" time="2.403" classname="by.hancharou.tests.AllTests"/>
  <testcase name="testSearchLinks" time="4.277" classname="by.hancharou.tests.AllTests"/>
  <testcase name="testExitGmailCom" time="2.717" classname="by.hancharou.tests.AllTests"/>
  <testcase name="testWriteLetter" time="2.343" classname="by.hancharou.tests.AllTests"/>
  <testcase name="testSearch" time="3.082" classname="by.hancharou.tests.AllTests"/>
  <testcase name="testIndexPage" time="1.703" classname="by.hancharou.tests.AllTests"/>
  <testcase name="testSearchAmount" time="10.885" classname="by.hancharou.tests.AllTests"/>
</testsuite> <!-- by.hancharou.tests.AllTests -->
