<?xml version="1.0" encoding="UTF-8"?>
<!-- Generated by org.testng.reporters.JUnitReportReporter -->
<testsuite skipped="0" hostname="Mres00" name="by.hancharou.tests.AllTests" tests="1" failures="0" timestamp="23 июн 2017 12:57:42 GMT" time="13.333" errors="0">
  <testcase name="testGmailCom" time="13.333" classname="by.hancharou.tests.AllTests"/>
</testsuite> <!-- by.hancharou.tests.AllTests -->
