<?xml version="1.0" encoding="UTF-8"?>
<!-- Generated by org.testng.reporters.JUnitReportReporter -->
<testsuite skipped="0" hostname="Mres00" name="by.tut.tests.SearchTest" tests="3" failures="0" timestamp="20 июн 2017 11:51:52 GMT" time="19.270" errors="0">
  <testcase name="testSearchAmount" time="10.345" classname="by.tut.tests.SearchTest"/>
  <testcase name="testLoadFirstPage" time="2.834" classname="by.tut.tests.SearchTest"/>
  <testcase name="testSearchLink" time="6.091" classname="by.tut.tests.SearchTest"/>
</testsuite> <!-- by.tut.tests.SearchTest -->
