<?xml version="1.0" encoding="UTF-8"?>
<!-- Generated by org.testng.reporters.JUnitReportReporter -->
<testsuite skipped="0" hostname="Mres00" name="by.tut.tests.SearchTest" tests="3" failures="0" timestamp="22 июн 2017 06:21:30 GMT" time="147.729" errors="0">
  <testcase name="testLoadFirstPage" time="2.174" classname="by.tut.tests.SearchTest"/>
  <testcase name="testSearchAmount" time="139.452" classname="by.tut.tests.SearchTest"/>
  <testcase name="testSearchLink" time="6.103" classname="by.tut.tests.SearchTest"/>
</testsuite> <!-- by.tut.tests.SearchTest -->
