<?xml version="1.0" encoding="UTF-8"?>
<!-- Generated by org.testng.reporters.JUnitReportReporter -->
<testsuite skipped="0" hostname="Mres00" name="by.hancharou.tests.AllTests" tests="4" failures="0" timestamp="23 июн 2017 12:44:34 GMT" time="40.000" errors="0">
  <testcase name="testSearchLinks" time="3.054" classname="by.hancharou.tests.AllTests"/>
  <testcase name="testGmailCom" time="20.509" classname="by.hancharou.tests.AllTests"/>
  <testcase name="testSearchAmount" time="14.083" classname="by.hancharou.tests.AllTests"/>
  <testcase name="testIndexPage" time="2.354" classname="by.hancharou.tests.AllTests"/>
</testsuite> <!-- by.hancharou.tests.AllTests -->
