<?xml version="1.0" encoding="UTF-8"?>
<!-- Generated by org.testng.reporters.JUnitReportReporter -->
<testsuite skipped="0" hostname="Mres00" name="by.hancharou.tests.AllTests" tests="1" failures="0" timestamp="26 июн 2017 07:28:53 GMT" time="21.150" errors="0">
  <testcase name="testGmailCom" time="21.150" classname="by.hancharou.tests.AllTests"/>
</testsuite> <!-- by.hancharou.tests.AllTests -->
